<%@ page language="java" contentType="text/html; charset=UTF-8"
    pageEncoding="UTF-8"%>
<%@ taglib uri="http://java.sun.com/jsp/jstl/core" prefix="c" %>
<%@ page import="java.util.List" %>
<%@ page import="com.sectraining.vulnserver.db.UserProfile" %>
<%@ page import="java.io.*,java.util.*, javax.servlet.*" %>
<h2>Here are your cats for today:</h2>
<%
   Date date = new Date();
   out.print( "<h2 align=\"left\">" +date.toString()+"</h2>");
%>

<p>nebelung</p>
<p>himalayan</p>
<p>american curl</p>
<p>javanese</p>
<p>burmese</p>
<p>cymric</p>
<p>chartreux</p>
<p>russian blue</p>
<p>turkish van</p>
